{"/Users/nathanong/Desktop/LAN/db/index.js": {"path":"/Users/nathanong/Desktop/LAN/db/index.js","statementMap":{"0":{"start":{"line":1,"column":18},"end":{"line":1,"column":38}},"1":{"start":{"line":2,"column":15},"end":{"line":2,"column":32}},"2":{"start":{"line":3,"column":0},"end":{"line":3,"column":27}},"3":{"start":{"line":5,"column":18},"end":{"line":5,"column":56}},"4":{"start":{"line":7,"column":0},"end":{"line":10,"column":5}},"5":{"start":{"line":9,"column":4},"end":{"line":9,"column":47}},"6":{"start":{"line":13,"column":13},"end":{"line":15,"column":2}},"7":{"start":{"line":17,"column":14},"end":{"line":22,"column":2}},"8":{"start":{"line":25,"column":14},"end":{"line":32,"column":2}},"9":{"start":{"line":34,"column":14},"end":{"line":38,"column":2}},"10":{"start":{"line":40,"column":0},"end":{"line":40,"column":39}},"11":{"start":{"line":41,"column":0},"end":{"line":41,"column":23}},"12":{"start":{"line":42,"column":0},"end":{"line":42,"column":38}},"13":{"start":{"line":43,"column":0},"end":{"line":43,"column":23}},"14":{"start":{"line":45,"column":0},"end":{"line":45,"column":38}},"15":{"start":{"line":47,"column":0},"end":{"line":47,"column":17}},"16":{"start":{"line":49,"column":17},"end":{"line":63,"column":1}},"17":{"start":{"line":50,"column":18},"end":{"line":50,"column":38}},"18":{"start":{"line":51,"column":18},"end":{"line":51,"column":38}},"19":{"start":{"line":52,"column":16},"end":{"line":52,"column":27}},"20":{"start":{"line":53,"column":19},"end":{"line":53,"column":40}},"21":{"start":{"line":54,"column":13},"end":{"line":55,"column":71}},"22":{"start":{"line":56,"column":2},"end":{"line":58,"column":3}},"23":{"start":{"line":57,"column":4},"end":{"line":57,"column":13}},"24":{"start":{"line":59,"column":2},"end":{"line":59,"column":25}},"25":{"start":{"line":60,"column":2},"end":{"line":60,"column":30}},"26":{"start":{"line":61,"column":2},"end":{"line":61,"column":28}},"27":{"start":{"line":62,"column":2},"end":{"line":62,"column":14}},"28":{"start":{"line":65,"column":20},"end":{"line":88,"column":1}},"29":{"start":{"line":66,"column":19},"end":{"line":66,"column":72}},"30":{"start":{"line":66,"column":25},"end":{"line":66,"column":72}},"31":{"start":{"line":68,"column":2},"end":{"line":87,"column":4}},"32":{"start":{"line":71,"column":8},"end":{"line":71,"column":44}},"33":{"start":{"line":72,"column":8},"end":{"line":82,"column":9}},"34":{"start":{"line":73,"column":10},"end":{"line":81,"column":11}},"35":{"start":{"line":74,"column":26},"end":{"line":74,"column":47}},"36":{"start":{"line":75,"column":12},"end":{"line":75,"column":66}},"37":{"start":{"line":76,"column":12},"end":{"line":80,"column":13}},"38":{"start":{"line":78,"column":14},"end":{"line":78,"column":80}},"39":{"start":{"line":79,"column":14},"end":{"line":79,"column":27}},"40":{"start":{"line":83,"column":8},"end":{"line":83,"column":41}},"41":{"start":{"line":84,"column":8},"end":{"line":85,"column":46}},"42":{"start":{"line":85,"column":26},"end":{"line":85,"column":43}},"43":{"start":{"line":90,"column":20},"end":{"line":100,"column":1}},"44":{"start":{"line":91,"column":2},"end":{"line":99,"column":4}},"45":{"start":{"line":94,"column":4},"end":{"line":98,"column":6}},"46":{"start":{"line":102,"column":18},"end":{"line":104,"column":1}},"47":{"start":{"line":103,"column":2},"end":{"line":103,"column":51}},"48":{"start":{"line":106,"column":24},"end":{"line":117,"column":1}},"49":{"start":{"line":107,"column":2},"end":{"line":107,"column":37}},"50":{"start":{"line":108,"column":2},"end":{"line":116,"column":5}},"51":{"start":{"line":112,"column":4},"end":{"line":112,"column":43}},"52":{"start":{"line":113,"column":4},"end":{"line":113,"column":47}},"53":{"start":{"line":129,"column":0},"end":{"line":129,"column":22}},"54":{"start":{"line":130,"column":0},"end":{"line":130,"column":20}},"55":{"start":{"line":131,"column":0},"end":{"line":131,"column":22}},"56":{"start":{"line":132,"column":0},"end":{"line":132,"column":22}},"57":{"start":{"line":133,"column":0},"end":{"line":133,"column":34}},"58":{"start":{"line":134,"column":0},"end":{"line":134,"column":34}},"59":{"start":{"line":135,"column":0},"end":{"line":135,"column":30}},"60":{"start":{"line":136,"column":0},"end":{"line":136,"column":42}}},"fnMap":{"0":{"name":"(anonymous_0)","decl":{"start":{"line":8,"column":8},"end":{"line":8,"column":9}},"loc":{"start":{"line":8,"column":14},"end":{"line":10,"column":3}},"line":8},"1":{"name":"(anonymous_1)","decl":{"start":{"line":49,"column":17},"end":{"line":49,"column":18}},"loc":{"start":{"line":49,"column":45},"end":{"line":63,"column":1}},"line":49},"2":{"name":"(anonymous_2)","decl":{"start":{"line":65,"column":20},"end":{"line":65,"column":21}},"loc":{"start":{"line":65,"column":66},"end":{"line":88,"column":1}},"line":65},"3":{"name":"(anonymous_3)","decl":{"start":{"line":66,"column":19},"end":{"line":66,"column":20}},"loc":{"start":{"line":66,"column":25},"end":{"line":66,"column":72}},"line":66},"4":{"name":"(anonymous_4)","decl":{"start":{"line":70,"column":12},"end":{"line":70,"column":13}},"loc":{"start":{"line":70,"column":25},"end":{"line":86,"column":7}},"line":70},"5":{"name":"(anonymous_5)","decl":{"start":{"line":85,"column":16},"end":{"line":85,"column":17}},"loc":{"start":{"line":85,"column":26},"end":{"line":85,"column":43}},"line":85},"6":{"name":"(anonymous_6)","decl":{"start":{"line":90,"column":20},"end":{"line":90,"column":21}},"loc":{"start":{"line":91,"column":2},"end":{"line":99,"column":4}},"line":91},"7":{"name":"(anonymous_7)","decl":{"start":{"line":93,"column":10},"end":{"line":93,"column":11}},"loc":{"start":{"line":94,"column":4},"end":{"line":98,"column":6}},"line":94},"8":{"name":"(anonymous_8)","decl":{"start":{"line":102,"column":18},"end":{"line":102,"column":19}},"loc":{"start":{"line":103,"column":2},"end":{"line":103,"column":51}},"line":103},"9":{"name":"(anonymous_9)","decl":{"start":{"line":106,"column":24},"end":{"line":106,"column":25}},"loc":{"start":{"line":106,"column":30},"end":{"line":117,"column":1}},"line":106},"10":{"name":"(anonymous_10)","decl":{"start":{"line":111,"column":10},"end":{"line":111,"column":11}},"loc":{"start":{"line":111,"column":25},"end":{"line":116,"column":3}},"line":111}},"branchMap":{"0":{"loc":{"start":{"line":56,"column":2},"end":{"line":58,"column":3}},"type":"if","locations":[{"start":{"line":56,"column":2},"end":{"line":58,"column":3}},{"start":{"line":56,"column":2},"end":{"line":58,"column":3}}],"line":56},"1":{"loc":{"start":{"line":72,"column":8},"end":{"line":82,"column":9}},"type":"if","locations":[{"start":{"line":72,"column":8},"end":{"line":82,"column":9}},{"start":{"line":72,"column":8},"end":{"line":82,"column":9}}],"line":72},"2":{"loc":{"start":{"line":76,"column":12},"end":{"line":80,"column":13}},"type":"if","locations":[{"start":{"line":76,"column":12},"end":{"line":80,"column":13}},{"start":{"line":76,"column":12},"end":{"line":80,"column":13}}],"line":76},"3":{"loc":{"start":{"line":76,"column":16},"end":{"line":77,"column":82}},"type":"binary-expr","locations":[{"start":{"line":76,"column":16},"end":{"line":76,"column":81}},{"start":{"line":77,"column":15},"end":{"line":77,"column":82}}],"line":76}},"s":{"0":1,"1":1,"2":1,"3":1,"4":1,"5":1,"6":1,"7":1,"8":1,"9":1,"10":1,"11":1,"12":1,"13":1,"14":1,"15":1,"16":1,"17":0,"18":0,"19":0,"20":0,"21":0,"22":0,"23":0,"24":0,"25":0,"26":0,"27":0,"28":1,"29":1,"30":1,"31":1,"32":1,"33":1,"34":0,"35":0,"36":0,"37":0,"38":0,"39":0,"40":1,"41":1,"42":1,"43":1,"44":1,"45":1,"46":1,"47":1,"48":1,"49":1,"50":1,"51":0,"52":0,"53":1,"54":1,"55":1,"56":1,"57":1,"58":1,"59":1,"60":1},"f":{"0":1,"1":0,"2":1,"3":1,"4":1,"5":1,"6":1,"7":1,"8":1,"9":1,"10":0},"b":{"0":[0,0],"1":[0,1],"2":[0,0],"3":[0,0]},"_coverageSchema":"332fd63041d2c1bcb487cc26dd0d5f7d97098a6c","hash":"79f79082ca95cef6d21ad91e9a855ab4ae94442f"}
,"/Users/nathanong/Desktop/LAN/server/app.js": {"path":"/Users/nathanong/Desktop/LAN/server/app.js","statementMap":{"0":{"start":{"line":1,"column":14},"end":{"line":1,"column":35}},"1":{"start":{"line":2,"column":18},"end":{"line":2,"column":49}},"2":{"start":{"line":4,"column":0},"end":{"line":4,"column":28}},"3":{"start":{"line":6,"column":16},"end":{"line":6,"column":34}},"4":{"start":{"line":7,"column":19},"end":{"line":7,"column":41}},"5":{"start":{"line":8,"column":20},"end":{"line":8,"column":46}},"6":{"start":{"line":9,"column":24},"end":{"line":9,"column":42}},"7":{"start":{"line":10,"column":11},"end":{"line":10,"column":33}},"8":{"start":{"line":12,"column":15},"end":{"line":26,"column":2}},"9":{"start":{"line":28,"column":13},"end":{"line":48,"column":1}},"10":{"start":{"line":30,"column":4},"end":{"line":33,"column":13}},"11":{"start":{"line":31,"column":6},"end":{"line":31,"column":24}},"12":{"start":{"line":32,"column":6},"end":{"line":32,"column":18}},"13":{"start":{"line":35,"column":13},"end":{"line":35,"column":18}},"14":{"start":{"line":37,"column":19},"end":{"line":37,"column":21}},"15":{"start":{"line":38,"column":4},"end":{"line":40,"column":5}},"16":{"start":{"line":39,"column":6},"end":{"line":39,"column":67}},"17":{"start":{"line":41,"column":4},"end":{"line":41,"column":18}},"18":{"start":{"line":44,"column":19},"end":{"line":44,"column":31}},"19":{"start":{"line":45,"column":4},"end":{"line":45,"column":23}},"20":{"start":{"line":46,"column":4},"end":{"line":46,"column":21}},"21":{"start":{"line":51,"column":12},"end":{"line":51,"column":21}},"22":{"start":{"line":53,"column":0},"end":{"line":53,"column":27}},"23":{"start":{"line":54,"column":0},"end":{"line":54,"column":55}},"24":{"start":{"line":55,"column":0},"end":{"line":59,"column":4}},"25":{"start":{"line":61,"column":0},"end":{"line":66,"column":3}},"26":{"start":{"line":62,"column":2},"end":{"line":62,"column":24}},"27":{"start":{"line":63,"column":2},"end":{"line":65,"column":5}},"28":{"start":{"line":64,"column":4},"end":{"line":64,"column":64}},"29":{"start":{"line":64,"column":45},"end":{"line":64,"column":61}},"30":{"start":{"line":68,"column":0},"end":{"line":78,"column":3}},"31":{"start":{"line":71,"column":6},"end":{"line":71,"column":14}},"32":{"start":{"line":73,"column":2},"end":{"line":77,"column":7}},"33":{"start":{"line":75,"column":6},"end":{"line":75,"column":46}},"34":{"start":{"line":76,"column":6},"end":{"line":76,"column":23}},"35":{"start":{"line":80,"column":0},"end":{"line":92,"column":3}},"36":{"start":{"line":84,"column":6},"end":{"line":84,"column":14}},"37":{"start":{"line":86,"column":2},"end":{"line":91,"column":7}},"38":{"start":{"line":88,"column":6},"end":{"line":90,"column":9}},"39":{"start":{"line":89,"column":8},"end":{"line":89,"column":68}},"40":{"start":{"line":89,"column":49},"end":{"line":89,"column":65}},"41":{"start":{"line":94,"column":0},"end":{"line":94,"column":21}}},"fnMap":{"0":{"name":"(anonymous_0)","decl":{"start":{"line":29,"column":9},"end":{"line":29,"column":10}},"loc":{"start":{"line":29,"column":23},"end":{"line":34,"column":3}},"line":29},"1":{"name":"(anonymous_1)","decl":{"start":{"line":30,"column":12},"end":{"line":30,"column":13}},"loc":{"start":{"line":30,"column":22},"end":{"line":33,"column":5}},"line":30},"2":{"name":"(anonymous_2)","decl":{"start":{"line":35,"column":7},"end":{"line":35,"column":8}},"loc":{"start":{"line":35,"column":13},"end":{"line":35,"column":18}},"line":35},"3":{"name":"(anonymous_3)","decl":{"start":{"line":36,"column":12},"end":{"line":36,"column":13}},"loc":{"start":{"line":36,"column":39},"end":{"line":42,"column":3}},"line":36},"4":{"name":"(anonymous_4)","decl":{"start":{"line":43,"column":16},"end":{"line":43,"column":17}},"loc":{"start":{"line":43,"column":35},"end":{"line":47,"column":3}},"line":43},"5":{"name":"(anonymous_5)","decl":{"start":{"line":61,"column":17},"end":{"line":61,"column":18}},"loc":{"start":{"line":61,"column":31},"end":{"line":66,"column":1}},"line":61},"6":{"name":"(anonymous_6)","decl":{"start":{"line":63,"column":22},"end":{"line":63,"column":23}},"loc":{"start":{"line":63,"column":34},"end":{"line":65,"column":3}},"line":63},"7":{"name":"(anonymous_7)","decl":{"start":{"line":64,"column":36},"end":{"line":64,"column":37}},"loc":{"start":{"line":64,"column":45},"end":{"line":64,"column":61}},"line":64},"8":{"name":"(anonymous_8)","decl":{"start":{"line":68,"column":30},"end":{"line":68,"column":31}},"loc":{"start":{"line":68,"column":44},"end":{"line":78,"column":1}},"line":68},"9":{"name":"(anonymous_9)","decl":{"start":{"line":74,"column":10},"end":{"line":74,"column":11}},"loc":{"start":{"line":74,"column":22},"end":{"line":77,"column":5}},"line":74},"10":{"name":"(anonymous_10)","decl":{"start":{"line":80,"column":30},"end":{"line":80,"column":31}},"loc":{"start":{"line":80,"column":44},"end":{"line":92,"column":1}},"line":80},"11":{"name":"(anonymous_11)","decl":{"start":{"line":87,"column":10},"end":{"line":87,"column":11}},"loc":{"start":{"line":87,"column":16},"end":{"line":91,"column":5}},"line":87},"12":{"name":"(anonymous_12)","decl":{"start":{"line":88,"column":26},"end":{"line":88,"column":27}},"loc":{"start":{"line":88,"column":38},"end":{"line":90,"column":7}},"line":88},"13":{"name":"(anonymous_13)","decl":{"start":{"line":89,"column":40},"end":{"line":89,"column":41}},"loc":{"start":{"line":89,"column":49},"end":{"line":89,"column":65}},"line":89}},"branchMap":{"0":{"loc":{"start":{"line":39,"column":50},"end":{"line":39,"column":63}},"type":"binary-expr","locations":[{"start":{"line":39,"column":50},"end":{"line":39,"column":58}},{"start":{"line":39,"column":62},"end":{"line":39,"column":63}}],"line":39}},"s":{"0":1,"1":1,"2":1,"3":1,"4":1,"5":1,"6":1,"7":1,"8":1,"9":1,"10":0,"11":0,"12":0,"13":0,"14":0,"15":0,"16":0,"17":0,"18":0,"19":0,"20":0,"21":1,"22":1,"23":1,"24":1,"25":1,"26":0,"27":0,"28":0,"29":0,"30":1,"31":1,"32":1,"33":1,"34":1,"35":1,"36":1,"37":1,"38":1,"39":1,"40":52,"41":1},"f":{"0":0,"1":0,"2":0,"3":0,"4":0,"5":0,"6":0,"7":0,"8":1,"9":1,"10":1,"11":1,"12":1,"13":52},"b":{"0":[0,0]},"_coverageSchema":"332fd63041d2c1bcb487cc26dd0d5f7d97098a6c","hash":"30dc0cd9ff4bfcbe10db5ff1f2e84fc7e1fdd913"}
,"/Users/nathanong/Desktop/LAN/server/sum.js": {"path":"/Users/nathanong/Desktop/LAN/server/sum.js","statementMap":{"0":{"start":{"line":2,"column":2},"end":{"line":2,"column":15}},"1":{"start":{"line":4,"column":0},"end":{"line":4,"column":21}}},"fnMap":{"0":{"name":"sum","decl":{"start":{"line":1,"column":9},"end":{"line":1,"column":12}},"loc":{"start":{"line":1,"column":19},"end":{"line":3,"column":1}},"line":1}},"branchMap":{},"s":{"0":1,"1":1},"f":{"0":1},"b":{},"_coverageSchema":"332fd63041d2c1bcb487cc26dd0d5f7d97098a6c","hash":"d9a7807a68b88712e1f0d8c36c0775e234e5d3a6"}
}
